<?xml version="1.0" encoding="UTF-8"?>
<!-- Generated by org.testng.reporters.JUnitReportReporter -->
<testsuite skipped="0" hostname="DESKTOP-U3QPD14" name="Test.Test99GuruLogin" tests="1" failures="0" timestamp="16 Jun 2020 21:50:53 GMT" time="14.359" errors="0">
  <testcase name="testHomePageAppearCorrect" time="14.359" classname="Test.Test99GuruLogin"/>
</testsuite> <!-- Test.Test99GuruLogin -->
